2018-05-26 21:34:57:363 INFO  SendMail:52 - Destinatario: adsi.itam.03@gmail.com
2018-05-26 21:34:57:368 INFO  SendMail:59 - Tipo de correo: aumenta precio
2018-05-26 21:34:57:368 INFO  SendMail:36 - Enviando correo a destinatario
2018-05-26 21:35:01:388 INFO  SendMail:64 - Correo enviado correctamente!
2018-05-26 22:00:57:135 INFO  TestSendMail:28 - Ejecutando la prueba 1
2018-05-26 22:00:57:164 INFO  TestSendMail:29 - Correo bueno, sube precio
2018-05-26 22:00:57:168 INFO  SendMail:76 - Destinatario: adsi.itam.03@gmail.com
2018-05-26 22:00:57:177 INFO  SendMail:80 - Tipo de correo: disminuye precio
2018-05-26 22:00:57:178 INFO  SendMail:54 - Enviando correo a destinatario
2018-05-26 22:01:01:719 INFO  SendMail:88 - Correo enviado correctamente!
2018-05-26 22:01:01:730 INFO  TestSendMail:36 - Ejecutando la prueba 2
2018-05-26 22:01:01:737 INFO  TestSendMail:37 - Correo bueno, baja precio
2018-05-26 22:01:01:738 INFO  SendMail:76 - Destinatario: adsi.itam.03@gmail.com
2018-05-26 22:01:01:742 INFO  SendMail:83 - Tipo de correo: aumenta precio
2018-05-26 22:01:01:742 INFO  SendMail:54 - Enviando correo a destinatario
2018-05-26 22:01:02:988 INFO  SendMail:88 - Correo enviado correctamente!
2018-05-26 22:01:02:994 INFO  TestSendMail:44 - Ejecutando la prueba 3
2018-05-26 22:01:02:998 INFO  TestSendMail:45 - Correo malo, sube precio
2018-05-26 22:01:03:001 INFO  SendMail:76 - Destinatario: adsi.itam.03@
2018-05-26 22:01:03:002 INFO  SendMail:80 - Tipo de correo: disminuye precio
2018-05-26 22:01:03:010 INFO  SendMail:54 - Enviando correo a destinatario
2018-05-26 22:01:03:895 INFO  SendMail:91 - No se ha logrado enviar el correo
2018-05-26 22:01:03:900 INFO  TestSendMail:52 - Ejecutando la prueba 4
2018-05-26 22:01:03:900 INFO  TestSendMail:53 - Correo malo, sube precio
2018-05-26 22:01:03:902 INFO  SendMail:76 - Destinatario: adsi.itam.03@
2018-05-26 22:01:03:902 INFO  SendMail:83 - Tipo de correo: aumenta precio
2018-05-26 22:01:03:903 INFO  SendMail:54 - Enviando correo a destinatario
2018-05-26 22:01:05:025 INFO  SendMail:91 - No se ha logrado enviar el correo
2018-05-26 22:03:05:329 INFO  SendMail:76 - Destinatario: adsi.itam.03@gmail.com
2018-05-26 22:03:05:337 INFO  SendMail:83 - Tipo de correo: aumenta precio
2018-05-26 22:03:05:338 INFO  SendMail:54 - Enviando correo a destinatario
2018-05-26 22:03:09:960 INFO  SendMail:88 - Correo enviado correctamente!
2018-05-26 22:03:36:638 INFO  TestSendMail:28 - Ejecutando la prueba 1
2018-05-26 22:03:36:649 INFO  TestSendMail:29 - Correo bueno, sube precio
2018-05-26 22:03:36:650 INFO  SendMail:76 - Destinatario: adsi.itam.03@gmail.com
2018-05-26 22:03:36:651 INFO  SendMail:80 - Tipo de correo: disminuye precio
2018-05-26 22:03:36:652 INFO  SendMail:54 - Enviando correo a destinatario
2018-05-26 22:03:41:153 INFO  SendMail:88 - Correo enviado correctamente!
2018-05-26 22:03:41:174 INFO  TestSendMail:36 - Ejecutando la prueba 2
2018-05-26 22:03:41:179 INFO  TestSendMail:37 - Correo bueno, baja precio
2018-05-26 22:03:41:183 INFO  SendMail:76 - Destinatario: adsi.itam.03@gmail.com
2018-05-26 22:03:41:190 INFO  SendMail:83 - Tipo de correo: aumenta precio
2018-05-26 22:03:41:190 INFO  SendMail:54 - Enviando correo a destinatario
2018-05-26 22:03:42:450 INFO  SendMail:88 - Correo enviado correctamente!
2018-05-26 22:03:42:456 INFO  TestSendMail:44 - Ejecutando la prueba 3
2018-05-26 22:03:42:461 INFO  TestSendMail:45 - Correo malo, sube precio
2018-05-26 22:03:42:470 INFO  SendMail:76 - Destinatario: adsi.itam.03@
2018-05-26 22:03:42:471 INFO  SendMail:80 - Tipo de correo: disminuye precio
2018-05-26 22:03:42:475 INFO  SendMail:54 - Enviando correo a destinatario
2018-05-26 22:03:43:546 INFO  SendMail:91 - No se ha logrado enviar el correo
2018-05-26 22:03:43:555 INFO  TestSendMail:52 - Ejecutando la prueba 4
2018-05-26 22:03:43:569 INFO  TestSendMail:53 - Correo malo, sube precio
2018-05-26 22:03:43:571 INFO  SendMail:76 - Destinatario: adsi.itam.03@
2018-05-26 22:03:43:572 INFO  SendMail:83 - Tipo de correo: aumenta precio
2018-05-26 22:03:43:572 INFO  SendMail:54 - Enviando correo a destinatario
2018-05-26 22:03:44:749 INFO  SendMail:91 - No se ha logrado enviar el correo
